Commission run begins Sat May 01 2021 00:00:00 GMT+0800 (Hong Kong Standard Time)
Talenox update is disabled in config.
Payroll Month is May
Payroll details for 038 Abbots Danielle
General Service Commission:      HK$47,707.00
Custom Rate Service Commission:       HK$0.00
Product Commission:                 HK$422.00
Tips:                               HK$380.00
                                 ------------
Total Payable                    HK$48,509.00
                                 ------------
Payroll details for 012 Chan Yuen King Kate
General Service Commission:         HK$694.45
Custom Rate Service Commission:       HK$0.00
Product Commission:                  HK$98.00
Tips:                                HK$40.00
                                 ------------
Total Payable                       HK$832.45
Payroll details for 021 Cheng Wing Hei
General Service Commission:         HK$806.00
Custom Rate Service Commission:       HK$0.00
Product Commission:                  HK$48.00
Tips:                               HK$120.00
                                 ------------
Total Payable                       HK$974.00
Payroll details for 015 Cheung Ho Ching Mandy
General Service Commission:         HK$130.00
Custom Rate Service Commission:     HK$174.00
Product Commission:                 HK$156.00
Tips:                                 HK$0.00
                                 ------------
Total Payable                       HK$460.00
                                 ------------
Payroll details for 060 Domingo Mildred
General Service Commission:           HK$0.00
Custom Rate Service Commission:       HK$0.00
Product Commission:                   HK$0.00
Tips:                                HK$50.00
                                 ------------
Total Payable                        HK$50.00
Payroll details for 020 Fong Chun Ka Sam
General Service Commission:       HK$6,491.45
Custom Rate Service Commission:       HK$0.00
Product Commission:                  HK$20.00
Tips:                               HK$250.00
                                 ------------
Total Payable                     HK$6,761.45
Note: 001 Guilfoyle Sioban is configured to NOT pay via Talenox.
Payroll details for 001 Guilfoyle Sioban
General Service Commission:           HK$0.00
Custom Rate Service Commission:       HK$0.00
Product Commission:                 HK$297.00
Tips:                                 HK$0.00
                                 ------------
Total Payable                       HK$297.00
Payroll details for 024 Ho Tsai Ying
General Service Commission:      HK$25,794.80
Custom Rate Service Commission:       HK$0.00
Product Commission:                 HK$233.00
Tips:                               HK$400.00
                                 ------------
Total Payable                    HK$26,427.80
                                 ------------
                                 ------------
Payroll details for 033 Hockly Tamara
General Service Commission:       HK$6,706.16
Custom Rate Service Commission:       HK$0.00
Product Commission:                 HK$919.00
Tips:                               HK$100.00
                                 ------------
Total Payable                     HK$7,725.16
Payroll details for 061 Lai Sze Lam
General Service Commission:           HK$0.00
Custom Rate Service Commission:       HK$0.00
Product Commission:                  HK$22.00
Tips:                                 HK$0.00
                                 ------------
Total Payable                        HK$22.00
Payroll details for 003 Lee Candy Hoi Yan
General Service Commission:      HK$13,914.83
Custom Rate Service Commission:       HK$0.00
Product Commission:                  HK$30.00
Tips:                                HK$18.00
                                 ------------
Total Payable                    HK$13,962.83
Payroll details for 030 Lee Hiu Yan Magan
General Service Commission:           HK$0.00
Custom Rate Service Commission:       HK$0.00
Product Commission:                 HK$100.00
Tips:                                 HK$0.00
                                 ------------
Total Payable                       HK$100.00
Payroll details for 027 Lo Wing Yee Chrissie
General Service Commission:      HK$13,254.15
Custom Rate Service Commission:       HK$0.00
Product Commission:               HK$1,136.00
Tips:                               HK$200.00
                                 ------------
Total Payable                    HK$14,590.15
                                 ------------
Payroll details for 026 Mak Lee Hang Tony
General Service Commission:      HK$17,538.15
Custom Rate Service Commission:       HK$0.00
Product Commission:                 HK$150.00
Tips:                               HK$360.00
                                 ------------
Total Payable                    HK$18,048.15
Payroll details for 058 McGill Sarahann
General Service Commission:      HK$22,896.00
Custom Rate Service Commission:       HK$0.00
Product Commission:                 HK$549.00
Tips:                               HK$500.00
                                 ------------
Total Payable                    HK$23,945.00
                                 ------------
Payroll details for 028 Sarpomaa Adwoa
General Service Commission:           HK$0.00
Custom Rate Service Commission:       HK$0.00
Product Commission:                  HK$98.00
Tips:                                 HK$0.00
                                 ------------
Total Payable                        HK$98.00
                                 ------------
Payroll details for 017 Spoerri Melody
General Service Commission:           HK$0.00
Custom Rate Service Commission:       HK$0.00
Product Commission:                 HK$120.00
Tips:                               HK$100.00
                                 ------------
Total Payable                       HK$220.00
Payroll details for 004 Tsui Jay Ting Yan
General Service Commission:       HK$9,745.31
Custom Rate Service Commission:       HK$0.00
Product Commission:                   HK$0.00
Tips:                                HK$80.00
                                 ------------
Total Payable                     HK$9,825.31
Payroll details for 054 Tze Bonnie Yuk Mui
General Service Commission:         HK$435.74
Custom Rate Service Commission:       HK$0.00
Product Commission:                 HK$338.00
Tips:                                HK$80.00
                                 ------------
Total Payable                       HK$853.74
                                 ------------
Payroll details for 007 Wong Chi Hin Ari
General Service Commission:       HK$7,375.20
Custom Rate Service Commission:       HK$0.00
Product Commission:                 HK$636.00
Tips:                                 HK$0.00
                                 ------------
Total Payable                     HK$8,011.20
Payroll details for 019 Wong Chun Wai Rex
General Service Commission:      HK$12,564.40
Custom Rate Service Commission:       HK$0.00
Product Commission:                 HK$228.00
Tips:                               HK$425.00
                                 ------------
Total Payable                    HK$13,217.40
Payroll details for 039 Wong Monita See Li
General Service Commission:           HK$0.00
Custom Rate Service Commission:       HK$0.00
Product Commission:                 HK$208.00
Tips:                               HK$100.00
                                 ------------
Total Payable                       HK$308.00

=======================================

Commission run begins Sat May 01 2021 00:00:00 GMT+0800 (Hong Kong Standard Time)
Talenox update is disabled in config.
Payroll Month is May
Payroll details for 038 Abbots Danielle
General Service Commission:      HK$47,707.00
Custom Rate Service Commission:       HK$0.00
Product Commission:                 HK$422.00
Tips:                               HK$380.00
                                 ------------
Total Payable                    HK$48,509.00
Payroll details for 012 Chan Yuen King Kate
General Service Commission:         HK$694.45
Custom Rate Service Commission:       HK$0.00
Product Commission:                  HK$98.00
Tips:                                HK$40.00
                                 ------------
Total Payable                       HK$832.45
Payroll details for 021 Cheng Wing Hei
General Service Commission:         HK$806.00
Custom Rate Service Commission:       HK$0.00
Product Commission:                  HK$48.00
Tips:                               HK$120.00
                                 ------------
Total Payable                       HK$974.00
Payroll details for 015 Cheung Ho Ching Mandy
General Service Commission:         HK$130.00
Custom Rate Service Commission:     HK$174.00
Product Commission:                 HK$156.00
Tips:                                 HK$0.00
                                 ------------
Total Payable                       HK$460.00
Payroll details for 060 Domingo Mildred
General Service Commission:           HK$0.00
Custom Rate Service Commission:       HK$0.00
Product Commission:                   HK$0.00
Tips:                                HK$50.00
                                 ------------
Total Payable                        HK$50.00
Payroll details for 020 Fong Chun Ka Sam
General Service Commission:       HK$6,491.45
Custom Rate Service Commission:       HK$0.00
Product Commission:                  HK$20.00
Tips:                               HK$250.00
                                 ------------
Total Payable                     HK$6,761.45
Note: 001 Guilfoyle Sioban is configured to NOT pay via Talenox.
Payroll details for 001 Guilfoyle Sioban
General Service Commission:           HK$0.00
Custom Rate Service Commission:       HK$0.00
Product Commission:                 HK$297.00
Tips:                                 HK$0.00
                                 ------------
Total Payable                       HK$297.00
Payroll details for 024 Ho Tsai Ying
General Service Commission:      HK$25,794.80
Custom Rate Service Commission:       HK$0.00
Product Commission:                 HK$233.00
Tips:                               HK$400.00
                                 ------------
Total Payable                    HK$26,427.80
Payroll details for 033 Hockly Tamara
General Service Commission:       HK$6,706.16
Custom Rate Service Commission:       HK$0.00
Product Commission:                 HK$919.00
Tips:                               HK$100.00
                                 ------------
Total Payable                     HK$7,725.16
Payroll details for 061 Lai Sze Lam
General Service Commission:           HK$0.00
Custom Rate Service Commission:       HK$0.00
Product Commission:                  HK$22.00
Tips:                                 HK$0.00
                                 ------------
Total Payable                        HK$22.00
Payroll details for 003 Lee Candy Hoi Yan
General Service Commission:      HK$13,914.83
Custom Rate Service Commission:       HK$0.00
Product Commission:                  HK$30.00
Tips:                                HK$18.00
                                 ------------
Total Payable                    HK$13,962.83
Payroll details for 030 Lee Hiu Yan Magan
General Service Commission:           HK$0.00
Custom Rate Service Commission:       HK$0.00
Product Commission:                 HK$100.00
Tips:                                 HK$0.00
                                 ------------
Total Payable                       HK$100.00
Payroll details for 027 Lo Wing Yee Chrissie
General Service Commission:      HK$13,254.15
Custom Rate Service Commission:       HK$0.00
Product Commission:               HK$1,136.00
Tips:                               HK$200.00
                                 ------------
Total Payable                    HK$14,590.15
Payroll details for 026 Mak Lee Hang Tony
General Service Commission:      HK$17,538.15
Custom Rate Service Commission:       HK$0.00
Product Commission:                 HK$150.00
Tips:                               HK$360.00
                                 ------------
Total Payable                    HK$18,048.15
Payroll details for 058 McGill Sarahann
General Service Commission:      HK$22,896.00
Custom Rate Service Commission:       HK$0.00
Product Commission:                 HK$549.00
Tips:                               HK$500.00
                                 ------------
Total Payable                    HK$23,945.00
Payroll details for 028 Sarpomaa Adwoa
General Service Commission:           HK$0.00
Custom Rate Service Commission:       HK$0.00
Product Commission:                  HK$98.00
Tips:                                 HK$0.00
                                 ------------
Total Payable                        HK$98.00
Payroll details for 017 Spoerri Melody
General Service Commission:           HK$0.00
Custom Rate Service Commission:       HK$0.00
Product Commission:                 HK$120.00
Tips:                               HK$100.00
                                 ------------
Total Payable                       HK$220.00
Payroll details for 004 Tsui Jay Ting Yan
General Service Commission:       HK$9,745.31
Custom Rate Service Commission:       HK$0.00
Product Commission:                   HK$0.00
Tips:                                HK$80.00
                                 ------------
Total Payable                     HK$9,825.31
Payroll details for 054 Tze Bonnie Yuk Mui
General Service Commission:         HK$435.74
Custom Rate Service Commission:       HK$0.00
Product Commission:                 HK$338.00
Tips:                                HK$80.00
                                 ------------
Total Payable                       HK$853.74
Payroll details for 007 Wong Chi Hin Ari
General Service Commission:       HK$7,375.20
Custom Rate Service Commission:       HK$0.00
Product Commission:                 HK$636.00
Tips:                                 HK$0.00
                                 ------------
Total Payable                     HK$8,011.20
Payroll details for 019 Wong Chun Wai Rex
General Service Commission:      HK$12,564.40
Custom Rate Service Commission:       HK$0.00
Product Commission:                 HK$228.00
Tips:                               HK$425.00
                                 ------------
Total Payable                    HK$13,217.40
Payroll details for 039 Wong Monita See Li
General Service Commission:           HK$0.00
Custom Rate Service Commission:       HK$0.00
Product Commission:                 HK$208.00
Tips:                               HK$100.00
                                 ------------
Total Payable                       HK$308.00

=======================================

