
Payroll details for 025 Au-Yeung Tracey [CONTRACTOR]
General Service Commission:      HK$36,635.40
Custom Rate Service Commission:       HK$0.00
Product Commission:                 HK$145.00
Tips:                               HK$200.00
                                 ------------
Total Payable                    HK$36,980.40

Payroll details for 049 Clark Andrea [CONTRACTOR]
General Service Commission:           HK$0.00
Custom Rate Service Commission:       HK$0.00
Product Commission:                 HK$271.00
Tips:                                 HK$0.00
                                 ------------
Total Payable                       HK$271.00

Payroll details for 044 Ho Fei [CONTRACTOR]
General Service Commission:       HK$7,980.00
Custom Rate Service Commission:  HK$28,164.00
Product Commission:                  HK$28.00
Tips:                               HK$200.00
                                 ------------
Total Payable                    HK$36,372.00

Payroll details for 006 Ho Pak Hei Anson [CONTRACTOR]
General Service Commission:      HK$17,952.00
Custom Rate Service Commission:       HK$0.00
Product Commission:                  HK$75.00
Tips:                               HK$195.00
                                 ------------
Total Payable                    HK$18,222.00

Payroll details for 048 Gausden Elizabeth [CONTRACTOR]
General Service Commission:           HK$0.00
Custom Rate Service Commission:       HK$0.00
Product Commission:                   HK$0.00
Tips:                                 HK$0.00
                                 ------------
Total Payable                         HK$0.00

Payroll details for 035 Loennborn Elizabeth [CONTRACTOR]
General Service Commission:           HK$0.00
Custom Rate Service Commission:       HK$0.00
Product Commission:                  HK$79.00
Tips:                                 HK$0.00
                                 ------------
Total Payable                        HK$79.00

Payroll details for 009 Ng Kwong Shing Davy [CONTRACTOR]
General Service Commission:       HK$2,925.00
Custom Rate Service Commission:       HK$0.00
Product Commission:                   HK$0.00
Tips:                                 HK$0.00
                                 ------------
Total Payable                     HK$2,925.00

Payroll details for 023 Wilson Keith [CONTRACTOR]
General Service Commission:      HK$40,986.00
Custom Rate Service Commission:       HK$0.00
Product Commission:                 HK$234.00
Tips:                               HK$345.00
                                 ------------
Total Payable                    HK$41,565.00
