
Payroll details for 025 Au-Yeung Tracey [CONTRACTOR]
General Service Commission:      HK$48,897.00
Custom Rate Service Commission:       HK$0.00
Product Commission:                 HK$717.00
Tips:                               HK$400.00
                                 ------------
Total Payable                    HK$50,014.00

Payroll details for 049 Clark Andrea [CONTRACTOR]
General Service Commission:           HK$0.00
Custom Rate Service Commission:       HK$0.00
Product Commission:                  HK$51.70
Tips:                                 HK$0.00
                                 ------------
Total Payable                        HK$51.70

Payroll details for 044 Ho Fei [CONTRACTOR]
General Service Commission:       HK$8,120.00
Custom Rate Service Commission:  HK$45,622.00
Product Commission:                  HK$24.00
Tips:                                 HK$0.00
                                 ------------
Total Payable                    HK$53,766.00

Payroll details for 006 Ho Pak Hei Anson [CONTRACTOR]
General Service Commission:      HK$21,120.00
Custom Rate Service Commission:       HK$0.00
Product Commission:                 HK$189.00
Tips:                               HK$500.00
                                 ------------
Total Payable                    HK$21,809.00

Payroll details for 048 Gausden Elizabeth [CONTRACTOR]
General Service Commission:           HK$0.00
Custom Rate Service Commission:       HK$0.00
Product Commission:                   HK$0.00
Tips:                                 HK$0.00
                                 ------------
Total Payable                         HK$0.00

Payroll details for 035 Loennborn Elizabeth [CONTRACTOR]
General Service Commission:           HK$0.00
Custom Rate Service Commission:       HK$0.00
Product Commission:                   HK$0.00
Tips:                                 HK$0.00
                                 ------------
Total Payable                         HK$0.00

Payroll details for 009 Ng Kwong Shing Davy [CONTRACTOR]
General Service Commission:       HK$3,950.00
Custom Rate Service Commission:       HK$0.00
Product Commission:                   HK$0.00
Tips:                                 HK$0.00
                                 ------------
Total Payable                     HK$3,950.00

Payroll details for 062 Bagisha Giorgio [CONTRACTOR]
General Service Commission:           HK$0.00
Custom Rate Service Commission:       HK$0.00
Product Commission:                 HK$172.00
Tips:                                 HK$0.00
                                 ------------
Total Payable                       HK$172.00

Payroll details for 023 Wilson Keith [CONTRACTOR]
General Service Commission:      HK$56,736.00
Custom Rate Service Commission:       HK$0.00
Product Commission:                 HK$224.00
Tips:                               HK$150.00
                                 ------------
Total Payable                    HK$57,110.00

Payroll details for 025 Au-Yeung Tracey [CONTRACTOR]
General Service Commission:      HK$48,897.00
Custom Rate Service Commission:       HK$0.00
Product Commission:                 HK$717.00
Tips:                               HK$400.00
                                 ------------
Total Payable                    HK$50,014.00

Payroll details for 049 Clark Andrea [CONTRACTOR]
General Service Commission:           HK$0.00
Custom Rate Service Commission:       HK$0.00
Product Commission:                  HK$51.70
Tips:                                 HK$0.00
                                 ------------
Total Payable                        HK$51.70

Payroll details for 044 Ho Fei [CONTRACTOR]
General Service Commission:       HK$8,120.00
Custom Rate Service Commission:  HK$45,622.00
Product Commission:                  HK$24.00
Tips:                                 HK$0.00
                                 ------------
Total Payable                    HK$53,766.00

Payroll details for 006 Ho Pak Hei Anson [CONTRACTOR]
General Service Commission:      HK$21,120.00
Custom Rate Service Commission:       HK$0.00
Product Commission:                 HK$189.00
Tips:                               HK$500.00
                                 ------------
Total Payable                    HK$21,809.00

Payroll details for 048 Gausden Elizabeth [CONTRACTOR]
General Service Commission:           HK$0.00
Custom Rate Service Commission:       HK$0.00
Product Commission:                   HK$0.00
Tips:                                 HK$0.00
                                 ------------
Total Payable                         HK$0.00

Payroll details for 035 Loennborn Elizabeth [CONTRACTOR]
General Service Commission:           HK$0.00
Custom Rate Service Commission:       HK$0.00
Product Commission:                   HK$0.00
Tips:                                 HK$0.00
                                 ------------
Total Payable                         HK$0.00

Payroll details for 009 Ng Kwong Shing Davy [CONTRACTOR]
General Service Commission:       HK$3,950.00
Custom Rate Service Commission:       HK$0.00
Product Commission:                   HK$0.00
Tips:                                 HK$0.00
                                 ------------
Total Payable                     HK$3,950.00

Payroll details for 062 Bagisha Giorgio [CONTRACTOR]
General Service Commission:           HK$0.00
Custom Rate Service Commission:       HK$0.00
Product Commission:                 HK$172.00
Tips:                                 HK$0.00
                                 ------------
Total Payable                       HK$172.00

Payroll details for 023 Wilson Keith [CONTRACTOR]
General Service Commission:      HK$56,736.00
Custom Rate Service Commission:       HK$0.00
Product Commission:                 HK$224.00
Tips:                               HK$150.00
                                 ------------
Total Payable                    HK$57,110.00
